<?xml version="1.0" encoding="UTF-8" ?>
<testsuite tests="6" failures="0" errors="0" skipped="0" time="0.809" name="module 'battle_srv'">
  <testcase time="0.000" name="battle_srv_tests:402 fixture_test_ (Test calculate force capabilities)">
    <system-out>
    </system-out>
  </testcase>
  <testcase time="0.008" name="battle_srv_tests:404 fixture_test_ (Test add resources to force)">
    <system-out>
    </system-out>
  </testcase>
  <testcase time="0.001" name="battle_srv_tests:406 fixture_test_ (Test force capabilities recalculated after add resources)">
    <system-out>
    </system-out>
  </testcase>
  <testcase time="0.001" name="battle_srv_tests:408 fixture_test_ (Test move force to system)">
    <system-out>
    </system-out>
  </testcase>
  <testcase time="0.001" name="battle_srv_tests:410 fixture_test_ (Test move force to non existing system)">
    <system-out>
    </system-out>
  </testcase>
  <testcase time="0.001" name="battle_srv_tests:412 fixture_test_ (Test system changed when force moved)">
    <system-out>
    </system-out>
  </testcase>
</testsuite>
