<?xml version="1.0" encoding="UTF-8" ?>
<testsuite tests="9" failures="0" errors="2" skipped="0" time="0.523" name="module 'resource_structure'">
  <testcase time="0.000" name="resource_structure_tests:124 fixture_test_ (Structure over output space capacity)">
    <system-out>
    </system-out>
  </testcase>
  <testcase time="0.000" name="resource_structure_tests:126 fixture_test_ (Structure over output space capacity (heavy resource))">
    <system-out>
    </system-out>
  </testcase>
  <testcase time="0.000" name="resource_structure_tests:128 fixture_test_ (Structure over output space capacity (half resource))">
    <system-out>
    </system-out>
  </testcase>
  <testcase time="0.001" name="resource_structure_tests:131 fixture_test_ (Mine resource production)">
    <system-out>
    </system-out>
  </testcase>
  <testcase time="0.001" name="resource_structure_tests:133 fixture_test_ (Hourly resource rate conversion)">
    <system-out>
    </system-out>
  </testcase>
  <testcase time="0.000" name="resource_structure_tests:135 fixture_test_ (Truncate floating point)">
    <system-out>
    </system-out>
  </testcase>
  <testcase time="0.000" name="resource_structure_tests:137 fixture_test_ (Simulate structure)">
    <error type="error">
::in function resource_structure_tests:'-test_setup/0-fun-0-'/2 (src/resource_structure_tests.erl, line 92)
in call from resource_srv:get_structure_type/2
  called as get_structure_type(&lt;&lt;"small_shipyard"&gt;&gt;,&lt;&lt;"structure_test"&gt;&gt;)
in call from resource_structure:simulate_structure/2 (src/resource_structure.erl, line 28)
in call from resource_structure_tests:test_simulate_structure/0 (src/resource_structure_tests.erl, line 323)
**error:{case_clause,&lt;&lt;"structure_test"&gt;&gt;}
    </error>
    <system-out>
    </system-out>
  </testcase>
  <testcase time="0.000" name="resource_structure_tests:139 fixture_test_ (Simulate structures)">
    <error type="error">
::in function resource_structure_tests:'-test_setup/0-fun-0-'/2 (src/resource_structure_tests.erl, line 92)
in call from resource_srv:get_structure_type/2
  called as get_structure_type(&lt;&lt;"small_shipyard"&gt;&gt;,&lt;&lt;"structure_test"&gt;&gt;)
in call from resource_structure:simulate_structure/2 (src/resource_structure.erl, line 28)
in call from resource_structure:simulate_structures/3 (src/resource_structure.erl, line 23)
in call from resource_structure_tests:test_simulate_structures/0 (src/resource_structure_tests.erl, line 375)
**error:{case_clause,&lt;&lt;"structure_test"&gt;&gt;}
    </error>
    <system-out>
    </system-out>
  </testcase>
  <testcase time="0.010" name="resource_structure_tests:141 fixture_test_ (Pretty print)">
    <system-out>
========== STRUCTURE ==========
uid: undefined
name: &lt;&lt;"small_shipyard"&gt;&gt;
build_queue: []
output_resources: [{resource,&lt;&lt;"small_spaceship"&gt;&gt;,&lt;&lt;"structure_test"&gt;&gt;,1}]
input_resources: []
output_storage_space: 10
input_storage_space: 0

    </system-out>
  </testcase>
</testsuite>
